[2026-03-01T07:20:52-05:00] [generation-2026-03-01-07-20-49] [stitch +0s] starting (limit=10)
[2026-03-01T07:20:52-05:00] [generation-2026-03-01-07-20-49] [stitch +0s] stitch config: silence=true stitchTotal=0 stitchPerCycle=10 measure=1 generationBranch="generation-2026-03-01-07-20-49"
[2026-03-01T07:20:52-05:00] [generation-2026-03-01-07-20-49] [stitch +0s] resolved branch=generation-2026-03-01-07-20-49
[2026-03-01T07:20:52-05:00] [generation-2026-03-01-07-20-49] [stitch +0s] repoRoot=/Users/pdiddy/COBBLER/sdd-hello-world
[2026-03-01T07:20:53-05:00] [generation-2026-03-01-07-20-49] [stitch +1s] using GitHub repo petar-djukic/sdd-hello-world generation generation-2026-03-01-07-20-49 for issues
[2026-03-01T07:20:53-05:00] [generation-2026-03-01-07-20-49] [stitch +1s] ensureCobblerLabels: created label "cobbler-ready" on petar-djukic/sdd-hello-world
[2026-03-01T07:20:54-05:00] [generation-2026-03-01-07-20-49] [stitch +2s] ensureCobblerLabels: created label "cobbler-in-progress" on petar-djukic/sdd-hello-world
[2026-03-01T07:20:54-05:00] [generation-2026-03-01-07-20-49] [stitch +2s] worktreeBase=/var/folders/dl/cbns6zkx7txc7pt64b6cgzp40000gn/T/sdd-hello-world-worktrees
[2026-03-01T07:20:54-05:00] [generation-2026-03-01-07-20-49] [stitch +2s] baseBranch=generation-2026-03-01-07-20-49
[2026-03-01T07:20:54-05:00] [generation-2026-03-01-07-20-49] [stitch +2s] recovering stale tasks
[2026-03-01T07:20:54-05:00] [generation-2026-03-01-07-20-49] [stitch +2s] recoverStaleTasks: checking for stale branches with pattern task/generation-2026-03-01-07-20-49-*
[2026-03-01T07:20:54-05:00] [generation-2026-03-01-07-20-49] [stitch +2s] recoverStaleBranches: no stale branches found
[2026-03-01T07:20:54-05:00] [generation-2026-03-01-07-20-49] [stitch +2s] recoverStaleTasks: checking for orphaned in_progress issues
[2026-03-01T07:20:54-05:00] [generation-2026-03-01-07-20-49] [stitch +2s] recoverStaleTasks: pruning worktrees
[2026-03-01T07:20:54-05:00] [generation-2026-03-01-07-20-49] [stitch +2s] recoverStaleTasks: no stale state found
[2026-03-01T07:20:54-05:00] [generation-2026-03-01-07-20-49] [stitch +2s] looking for next ready task (completed 0 so far)
[2026-03-01T07:20:54-05:00] [generation-2026-03-01-07-20-49] [stitch +2s] pickTask: calling pickReadyIssue repo=petar-djukic/sdd-hello-world generation=generation-2026-03-01-07-20-49
[2026-03-01T07:20:55-05:00] [generation-2026-03-01-07-20-49] [stitch +3s] pickTask: no tasks available: no ready issues for generation generation-2026-03-01-07-20-49
[2026-03-01T07:20:55-05:00] [generation-2026-03-01-07-20-49] [stitch +3s] no more tasks: no tasks available
[2026-03-01T07:20:55-05:00] [generation-2026-03-01-07-20-49] [stitch +3s] completed 0 task(s) in 3s
